
> hangman-bot@1.0.0 start
> node index.js

[dotenv@17.2.3] injecting env (6) from .env -- tip: ⚙️  enable debug logging with { debug: true }
✅ Loaded command: buy
✅ Loaded command: games
✅ Loaded command: hangman
✅ Loaded command: inventory
✅ Loaded command: leaderboard
✅ Loaded command: mystats
✅ Loaded command: ping
✅ Loaded command: shop
node:internal/modules/cjs/loader:1423
  throw err;
  ^

Error: Cannot find module '../database/models/Session'
Require stack:
- /Users/matthewthompson/Documents/DEVELOPMENT/discord/bots/hangman-bot/events/buttonHandler.js
- /Users/matthewthompson/Documents/DEVELOPMENT/discord/bots/hangman-bot/index.js
    at Module._resolveFilename (node:internal/modules/cjs/loader:1420:15)
    at defaultResolveImpl (node:internal/modules/cjs/loader:1058:19)
    at resolveForCJSWithHooks (node:internal/modules/cjs/loader:1063:22)
    at Module._load (node:internal/modules/cjs/loader:1226:37)
    at TracingChannel.traceSync (node:diagnostics_channel:328:14)
    at wrapModuleLoad (node:internal/modules/cjs/loader:245:24)
    at Module.require (node:internal/modules/cjs/loader:1503:12)
    at require (node:internal/modules/helpers:152:16)
    at Object.<anonymous> (/Users/matthewthompson/Documents/DEVELOPMENT/discord/bots/hangman-bot/events/buttonHandler.js:4:17)
    at Module._compile (node:internal/modules/cjs/loader:1760:14) {
  code: 'MODULE_NOT_FOUND',
  requireStack: [
    '/Users/matthewthompson/Documents/DEVELOPMENT/discord/bots/hangman-bot/events/buttonHandler.js',
    '/Users/matthewthompson/Documents/DEVELOPMENT/discord/bots/hangman-bot/index.js'
  ]
}

Node.js v25.3.0
